# JRE version: Java(TM) SE Runtime Environment (8.0_131-b11) (build 1.8.0_131-b11)
# Java VM: Java HotSpot(TM) 64-Bit Server VM (25.131-b11 mixed mode linux-amd64 compressed oops)
Heap:
 PSYoungGen      total 305664K, used 298096K [0x00000000ec180000, 0x0000000100000000, 0x0000000100000000)
  eden space 286208K, 100% used [0x00000000ec180000,0x00000000fd900000,0x00000000fd900000)
  from space 19456K, 61% used [0x00000000fd900000,0x00000000fe49c070,0x00000000fec00000)
  to   space 19456K, 62% used [0x00000000fed00000,0x00000000ff8d4070,0x0000000100000000)
 ParOldGen       total 118784K, used 63668K [0x00000000c4400000, 0x00000000cb800000, 0x00000000ec180000)
  object space 118784K, 53% used [0x00000000c4400000,0x00000000c822d150,0x00000000cb800000)
 Metaspace       used 58465K, capacity 59446K, committed 59608K, reserved 1101824K
  class space    used 7614K, capacity 7819K, committed 7936K, reserved 1048576K
GC Heap History (10 events):
Event: 65.521 GC heap after
Heap after GC invocations=26 (full 3):
 PSYoungGen      total 304640K, used 12887K [0x00000000ec180000, 0x0000000100000000, 0x0000000100000000)
  eden space 285184K, 0% used [0x00000000ec180000,0x00000000ec180000,0x00000000fd800000)
  from space 19456K, 66% used [0x00000000fd800000,0x00000000fe495d30,0x00000000feb00000)
  to   space 19968K, 0% used [0x00000000fec80000,0x00000000fec80000,0x0000000100000000)
 ParOldGen       total 118784K, used 63660K [0x00000000c4400000, 0x00000000cb800000, 0x00000000ec180000)
  object space 118784K, 53% used [0x00000000c4400000,0x00000000c822b150,0x00000000cb800000)
 Metaspace       used 58364K, capacity 59286K, committed 59480K, reserved 1101824K
  class space    used 7602K, capacity 7787K, committed 7808K, reserved 1048576K
}
Event: 184.379 GC heap before
{Heap before GC invocations=27 (full 3):
 PSYoungGen      total 304640K, used 298071K [0x00000000ec180000, 0x0000000100000000, 0x0000000100000000)
  eden space 285184K, 100% used [0x00000000ec180000,0x00000000fd800000,0x00000000fd800000)
  from space 19456K, 66% used [0x00000000fd800000,0x00000000fe495d30,0x00000000feb00000)
  to   space 19968K, 0% used [0x00000000fec80000,0x00000000fec80000,0x0000000100000000)
 ParOldGen       total 118784K, used 63660K [0x00000000c4400000, 0x00000000cb800000, 0x00000000ec180000)
  object space 118784K, 53% used [0x00000000c4400000,0x00000000c822b150,0x00000000cb800000)
 Metaspace       used 58452K, capacity 59414K, committed 59480K, reserved 1101824K
  class space    used 7612K, capacity 7787K, committed 7808K, reserved 1048576K
Event: 184.405 GC heap after
Heap after GC invocations=27 (full 3):
 PSYoungGen      total 306176K, used 12048K [0x00000000ec180000, 0x0000000100000000, 0x0000000100000000)
  eden space 286208K, 0% used [0x00000000ec180000,0x00000000ec180000,0x00000000fd900000)
  from space 19968K, 60% used [0x00000000fec80000,0x00000000ff844070,0x0000000100000000)
  to   space 19968K, 0% used [0x00000000fd900000,0x00000000fd900000,0x00000000fec80000)
 ParOldGen       total 118784K, used 63660K [0x00000000c4400000, 0x00000000cb800000, 0x00000000ec180000)
  object space 118784K, 53% used [0x00000000c4400000,0x00000000c822b150,0x00000000cb800000)
 Metaspace       used 58452K, capacity 59414K, committed 59480K, reserved 1101824K
  class space    used 7612K, capacity 7787K, committed 7808K, reserved 1048576K
}
Event: 305.429 GC heap before
{Heap before GC invocations=28 (full 3):
 PSYoungGen      total 306176K, used 298256K [0x00000000ec180000, 0x0000000100000000, 0x0000000100000000)
  eden space 286208K, 100% used [0x00000000ec180000,0x00000000fd900000,0x00000000fd900000)
  from space 19968K, 60% used [0x00000000fec80000,0x00000000ff844070,0x0000000100000000)
  to   space 19968K, 0% used [0x00000000fd900000,0x00000000fd900000,0x00000000fec80000)
 ParOldGen       total 118784K, used 63660K [0x00000000c4400000, 0x00000000cb800000, 0x00000000ec180000)
  object space 118784K, 53% used [0x00000000c4400000,0x00000000c822b150,0x00000000cb800000)
 Metaspace       used 58460K, capacity 59446K, committed 59608K, reserved 1101824K
  class space    used 7613K, capacity 7819K, committed 7936K, reserved 1048576K
Event: 305.459 GC heap after
Heap after GC invocations=28 (full 3):
 PSYoungGen      total 306176K, used 12016K [0x00000000ec180000, 0x0000000100000000, 0x0000000100000000)
  eden space 286208K, 0% used [0x00000000ec180000,0x00000000ec180000,0x00000000fd900000)
  from space 19968K, 60% used [0x00000000fd900000,0x00000000fe4bc070,0x00000000fec80000)
  to   space 19968K, 0% used [0x00000000fec80000,0x00000000fec80000,0x0000000100000000)
 ParOldGen       total 118784K, used 63660K [0x00000000c4400000, 0x00000000cb800000, 0x00000000ec180000)
  object space 118784K, 53% used [0x00000000c4400000,0x00000000c822b150,0x00000000cb800000)
 Metaspace       used 58460K, capacity 59446K, committed 59608K, reserved 1101824K
  class space    used 7613K, capacity 7819K, committed 7936K, reserved 1048576K
}
Event: 427.391 GC heap before
{Heap before GC invocations=29 (full 3):
 PSYoungGen      total 306176K, used 298224K [0x00000000ec180000, 0x0000000100000000, 0x0000000100000000)
  eden space 286208K, 100% used [0x00000000ec180000,0x00000000fd900000,0x00000000fd900000)
  from space 19968K, 60% used [0x00000000fd900000,0x00000000fe4bc070,0x00000000fec80000)
  to   space 19968K, 0% used [0x00000000fec80000,0x00000000fec80000,0x0000000100000000)
 ParOldGen       total 118784K, used 63660K [0x00000000c4400000, 0x00000000cb800000, 0x00000000ec180000)
  object space 118784K, 53% used [0x00000000c4400000,0x00000000c822b150,0x00000000cb800000)
 Metaspace       used 58460K, capacity 59446K, committed 59608K, reserved 1101824K
  class space    used 7613K, capacity 7819K, committed 7936K, reserved 1048576K
Event: 427.427 GC heap after
Heap after GC invocations=29 (full 3):
 PSYoungGen      total 305152K, used 12016K [0x00000000ec180000, 0x00000000fff00000, 0x0000000100000000)
  eden space 286208K, 0% used [0x00000000ec180000,0x00000000ec180000,0x00000000fd900000)
  from space 18944K, 63% used [0x00000000fec80000,0x00000000ff83c070,0x00000000fff00000)
  to   space 19456K, 0% used [0x00000000fd900000,0x00000000fd900000,0x00000000fec00000)
 ParOldGen       total 118784K, used 63660K [0x00000000c4400000, 0x00000000cb800000, 0x00000000ec180000)
  object space 118784K, 53% used [0x00000000c4400000,0x00000000c822b150,0x00000000cb800000)
 Metaspace       used 58460K, capacity 59446K, committed 59608K, reserved 1101824K
  class space    used 7613K, capacity 7819K, committed 7936K, reserved 1048576K
}
Event: 550.337 GC heap before
{Heap before GC invocations=30 (full 3):
 PSYoungGen      total 305152K, used 298224K [0x00000000ec180000, 0x00000000fff00000, 0x0000000100000000)
  eden space 286208K, 100% used [0x00000000ec180000,0x00000000fd900000,0x00000000fd900000)
  from space 18944K, 63% used [0x00000000fec80000,0x00000000ff83c070,0x00000000fff00000)
  to   space 19456K, 0% used [0x00000000fd900000,0x00000000fd900000,0x00000000fec00000)
 ParOldGen       total 118784K, used 63660K [0x00000000c4400000, 0x00000000cb800000, 0x00000000ec180000)
  object space 118784K, 53% used [0x00000000c4400000,0x00000000c822b150,0x00000000cb800000)
 Metaspace       used 58460K, capacity 59446K, committed 59608K, reserved 1101824K
  class space    used 7613K, capacity 7819K, committed 7936K, reserved 1048576K
Event: 550.371 GC heap after
Heap after GC invocations=30 (full 3):
 PSYoungGen      total 305664K, used 11888K [0x00000000ec180000, 0x0000000100000000, 0x0000000100000000)
  eden space 286208K, 0% used [0x00000000ec180000,0x00000000ec180000,0x00000000fd900000)
  from space 19456K, 61% used [0x00000000fd900000,0x00000000fe49c070,0x00000000fec00000)
  to   space 19456K, 0% used [0x00000000fed00000,0x00000000fed00000,0x0000000100000000)
 ParOldGen       total 118784K, used 63660K [0x00000000c4400000, 0x00000000cb800000, 0x00000000ec180000)
  object space 118784K, 53% used [0x00000000c4400000,0x00000000c822b150,0x00000000cb800000)
 Metaspace       used 58460K, capacity 59446K, committed 59608K, reserved 1101824K
  class space    used 7613K, capacity 7819K, committed 7936K, reserved 1048576K
}
Event: 675.182 GC heap before
{Heap before GC invocations=31 (full 3):
 PSYoungGen      total 305664K, used 298096K [0x00000000ec180000, 0x0000000100000000, 0x0000000100000000)
  eden space 286208K, 100% used [0x00000000ec180000,0x00000000fd900000,0x00000000fd900000)
  from space 19456K, 61% used [0x00000000fd900000,0x00000000fe49c070,0x00000000fec00000)
  to   space 19456K, 0% used [0x00000000fed00000,0x00000000fed00000,0x0000000100000000)
 ParOldGen       total 118784K, used 63660K [0x00000000c4400000, 0x00000000cb800000, 0x00000000ec180000)
  object space 118784K, 53% used [0x00000000c4400000,0x00000000c822b150,0x00000000cb800000)
 Metaspace       used 58465K, capacity 59446K, committed 59608K, reserved 1101824K
  class space    used 7614K, capacity 7819K, committed 7936K, reserved 1048576K

